<?xml version="1.0" encoding="UTF-8"?>
<testsuite name="hello.TestGreeter" tests="2" skipped="0" failures="0" errors="0" timestamp="2019-01-30T21:24:08" hostname="DESKTOP-76AMD88" time="0.021">
  <properties/>
  <testcase name="testGreeter" classname="hello.TestGreeter" time="0.009"/>
  <testcase name="testGreeterEmpty" classname="hello.TestGreeter" time="0.003"/>
  <system-out><![CDATA[]]></system-out>
  <system-err><![CDATA[]]></system-err>
</testsuite>
